2023-05-16 14:30:01 [INFO] MyApp.Startup.Initialize - Application starting up
2023-05-16 14:30:05 [INFO] MyApp.LoginController.Login - User 'john.doe' logging in
2023-05-16 14:30:07 [ERROR] MyApp.API.Call - Failed to connect to server: Connection refused
2023-05-16 14:30:08 [WARN] MyApp.LoginController.Login - User 'john.doe' entered incorrect password
2023-05-16 14:30:12 [INFO] MyApp.MainWindow.Show - Main window displayed
2023-05-16 14:30:15 [DEBUG] MyApp.DataService.GetUserData - Retrieving user data for 'john.doe'
2023-05-16 14:30:20 [INFO] MyApp.MainWindow.Update - User data updated
2023-05-16 14:30:22 [ERROR] MyApp.API.Call - Failed to retrieve user data: Internal server error
2023-05-16 14:30:25 [INFO] MyApp.LoginController.Logout - User 'john.doe' logging out
2023-05-16 14:30:30 [ERROR] MyApp.TimeoutException.Handle - Timeout exception occurred during data retrieval
2023-05-16 16:35:01 [INFO] MyApp.Startup.Initialize - Application starting up
2023-05-16 16:35:05 [INFO] MyApp.LoginController.Login - User 'john.doe' logging in
2023-05-16 16:35:12 [INFO] MyApp.MainWindow.Show - Main window displayed
2023-05-16 16:35:15 [DEBUG] MyApp.DataService.GetUserData - Retrieving user data for 'john.doe'
2023-05-16 16:35:20 [INFO] MyApp.MainWindow.Update - User data updated
2023-05-16 16:35:25 [INFO] MyApp.LoginController.Logout - User 'john.doe' logging out
2023-05-16 16:35:30 [INFO] MyApp.LoginController.Login - User 'jane.doe' logging in
2023-05-16 16:35:40 [INFO] MyApp.MainWindow.NavigateTo - Navigating to search screen
2023-05-16 16:35:45 [INFO] MyApp.SearchScreen.Show - Search screen displayed
2023-05-16 16:35:50 [DEBUG] MyApp.SearchScreen.ClickSearchItemButton - Search item button clicked
2023-05-16 16:35:55 [INFO] MyApp.ItemDetailsScreen.Show - Item details displayed: Item ID - 123456
2023-05-16 16:36:00 [INFO] MyApp.ItemDetailsScreen.Close - Item details closed
2023-05-16 16:36:05 [INFO] MyApp.MainWindow.Exit - Application exited
2023-05-16 16:36:10 [INFO] MyApp.LoginController.Login - User 'alice.smith' logging in
2023-05-16 16:36:15 [INFO] MyApp.MainWindow.Show - Main window displayed
2023-05-16 16:36:20 [DEBUG] MyApp.DataService.GetUserData - Retrieving user data for 'alice.smith'
2023-05-16 16:36:25 [INFO] MyApp.MainWindow.Update - User data updated
2023-05-16 16:36:30 [INFO] MyApp.LoginController.Logout - User 'alice.smith' logging out
2023-05-16 16:36:35 [INFO] MyApp.LoginController.Login - User 'robert.johnson' logging in
2023-05-16 16:36:40 [INFO] MyApp.MainWindow.NavigateTo - Navigating to settings screen
2023-05-16 16:36:45 [INFO] MyApp.SettingsScreen.Show - Settings screen displayed
2023-05-16 16:36:50 [DEBUG] MyApp.SettingsScreen.UpdateLanguage - Language set to 'English'
2023-05-16 16:36:55 [INFO] MyApp.SettingsScreen.Update - Settings updated
2023-05-16 16:37:00 [INFO] MyApp.SettingsScreen.Close - Settings screen closed
2023-05-16 16:37:05 [INFO] MyApp.MainWindow.Exit - Application exited
2023-05-16 16:37:10 [INFO] MyApp.LoginController.Login - User 'emma.watson' logging in
2023-05-16 16:37:15 [INFO] MyApp.MainWindow.Show - Main window displayed
2023-05-16 16:37:20 [DEBUG] MyApp.DataService.GetUserData - Retrieving user
2023-05-16 16:37:26 [DEBUG] MyApp.DataService.GetUserData - Retrieving user data for 'emma.watson'
2023-05-16 16:38:00 [INFO] MyApp.APIRequest.Send - Sending API request: to https://someurl.com/api/RegisterNewUser?u/brain.woods
2023-05-16 16:38:05 [DEBUG] MyApp.APIRequest.GetResponse - API response received: Status 200 OK
2023-05-16 16:38:05 [INFO] MyApp.RegisterUserController.Register - User 'brain.woods' registered successfully
2023-05-16 16:38:05 [INFO] MyApp.RegisterUserController.Register - Alert Displayed: New User Registered Sucessfully, Sign-in for new User Enabled.
2023-05-16 16:38:00 [INFO] MyApp.LoginController.Login - User 'brian.woods' logging in
2023-05-16 16:38:05 [ERROR] MyApp.LoginController.Login - Failed to login with user 'brian.woods' 
2023-05-16 16:38:10 [INFO] MyApp.MainWindow.Exit - Application exited
2023-05-16 16:38:15 [INFO] MyApp.Startup.Initialize - Application starting up
2023-05-16 16:38:20 [INFO] MyApp.LoginController.Login - User 'john.doe' logging in
2023-05-16 16:38:25 [INFO] MyApp.MainWindow.Show - Main window displayed
2023-05-16 16:38:30 [DEBUG] MyApp.DataService.GetUserData - Retrieving user data for 'john.doe'
2023-05-16 16:38:35 [INFO] MyApp.MainWindow.Update - User data updated
2023-05-16 16:38:40 [INFO] MyApp.LoginController.Logout - User 'john.doe' logging out
2023-05-16 16:38:45 [INFO] MyApp.LoginController.Login - User 'jane.doe' logging in
2023-05-16 16:38:50 [INFO] MyApp.MainWindow.NavigateTo - Navigating to search screen
2023-05-16 16:38:55 [INFO] MyApp.SearchScreen.Show - Search screen displayed
2023-05-16 16:39:00 [DEBUG] MyApp.SearchScreen.ClickSearchItemButton - Search item button clicked
2023-05-16 16:39:05 [INFO] MyApp.ItemDetailsScreen.Show - Item details displayed: Item ID - 123456
2023-05-16 16:39:10 [INFO] MyApp.ItemDetailsScreen.Close - Item details closed
2023-05-16 16:39:15 [INFO] MyApp.MainWindow.Exit - Application exited
2023-05-16 16:39:20 [INFO] MyApp.LoginController.Login - User 'alice.smith' logging in
2023-05-16 16:39:25 [INFO] MyApp.MainWindow.Show - Main window displayed
2023-05-16 16:39:30 [DEBUG] MyApp.DataService.GetUserData - Retrieving user data for 'alice.smith'
2023-05-16 16:39:35 [INFO] MyApp.MainWindow.Update - User data updated
2023-05-16 16:39:40 [INFO] MyApp.LoginController.Logout - User 'alice.smith' logging out
2023-05-16 16:39:45 [INFO] MyApp.LoginController.Login - User 'robert.johnson' logging in
2023-05-16 16:39:50 [INFO] MyApp.MainWindow.NavigateTo - Navigating to settings screen
2023-05-16 16:39:55 [INFO] MyApp.SettingsScreen.Show - Settings screen displayed
2023-05-16 16:40:00 [DEBUG] MyApp.SettingsScreen.UpdateLanguage - Language set to 'English'
2023-05-16 16:40:05 [INFO] MyApp.SettingsScreen.Update - Settings updated
2023-05-16 16:40:10 [INFO] MyApp.SettingsScreen.Close - Settings screen closed
2023-05-16 16:40:15 [INFO] MyApp.MainWindow.Exit -
2023-05-16 16:42:00 [INFO] MyApp.LoginController.Login - User 'brian.woods' logging in
2023-05-16 16:42:05 [ERROR] MyApp.LoginController.Login - Failed to login with user: Timeout exception
2023-05-16 16:43:10 [INFO] MyApp.MainWindow.Exit - Application exited
2023-05-16 16:43:15 [INFO] MyApp.Startup.Initialize - Application starting up
2023-05-16 16:43:20 [INFO] MyApp.LoginController.Login - User 'john.doe' logging in
2023-05-16 16:43:25 [INFO] MyApp.MainWindow.Show - Main window displayed
2023-05-16 16:43:30 [DEBUG] MyApp.DataService.GetUserData - Retrieving user data for 'john.doe'
2023-05-16 16:43:35 [INFO] MyApp.MainWindow.Update - User data updated
2023-05-16 16:43:40 [INFO] MyApp.LoginController.Logout - User 'john.doe' logging out
2023-05-16 16:43:45 [INFO] MyApp.LoginController.Login - User 'jane.doe' logging in
2023-05-16 16:43:50 [INFO] MyApp.MainWindow.NavigateTo - Navigating to search screen
2023-05-16 16:43:55 [INFO] MyApp.SearchScreen.Show - Search screen displayed
2023-05-16 16:44:00 [DEBUG] MyApp.SearchScreen.ClickSearchItemButton - Search item button clicked
2023-05-16 16:44:05 [INFO] MyApp.ItemDetailsScreen.Show - Item details displayed: Item ID - 123456
2023-05-16 16:44:10 [INFO] MyApp.ItemDetailsScreen.Close - Item details closed
2023-05-16 16:44:15 [INFO] MyApp.MainWindow.Exit - Application exited
2023-05-16 16:44:20 [INFO] MyApp.LoginController.Login - User 'alice.smith' logging in
2023-05-16 16:44:25 [INFO] MyApp.MainWindow.Show - Main window displayed
2023-05-16 16:44:30 [DEBUG] MyApp.DataService.GetUserData - Retrieving user data for 'alice.smith'
2023-05-16 16:44:35 [INFO] MyApp.MainWindow.Update - User data updated
2023-05-16 16:44:40 [INFO] MyApp.LoginController.Logout - User 'alice.smith' logging out
2023-05-16 16:44:45 [INFO] MyApp.LoginController.Login - User 'robert.johnson' logging in
2023-05-16 16:44:50 [INFO] MyApp.MainWindow.NavigateTo - Navigating to settings screen
2023-05-16 16:44:55 [INFO] MyApp.SettingsScreen.Show - Settings screen displayed
2023-05-16 16:45:00 [DEBUG] MyApp.SettingsScreen.UpdateLanguage - Language set to 'English'
2023-05-16 16:45:05 [INFO] MyApp.SettingsScreen.Update - Settings updated
2023-05-16 16:45:10 [INFO] MyApp.SettingsScreen.Close - Settings screen closed
2023-05-16 16:45:15 [INFO] MyApp.MainWindow.Exit -
2023-05-16 16:45:20 [INFO] MyApp.LoginController.Login - User 'emma.watson' logging in
2023-05-16 16:45:25 [INFO] MyApp.MainWindow.Show - Main window displayed
2023-05-16 16:45:30 [DEBUG] MyApp.DataService.GetUserData - Retrieving user data for 'emma.watson'
2023-05-16 16:45:35 [INFO] MyApp.MainWindow.Update - User data updated
2023-05-16 16:45:40 [INFO] MyApp.LoginController.Logout - User 'emma.watson' logging out
2023-05-16 16:45:45 [INFO] MyApp.LoginController.Login - User 'brian.woods' logging in
2023-05-16 16:45:50 [INFO] MyApp.MainWindow.NavigateTo - Navigating to search screen
2023-05-16 16:45:55 [INFO] MyApp.SearchScreen.Show - Search screen displayed
2023-05-16 16:46:00 [DEBUG] MyApp.SearchScreen.ClickSearchItemButton - Search item button clicked
2023-05-16 16:46:05 [INFO] MyApp.ItemDetailsScreen.Show - Item details displayed: Item ID - 123456
2023-05-16 16:46:10 [INFO] MyApp.ItemDetailsScreen.Close - Item details closed
2023-05-16 16:46:15 [INFO] MyApp.MainWindow.Exit - Application exited
2023-05-16 16:46:20 [INFO] MyApp.Startup.Initialize - Application starting up
2023-05-16 16:46:25 [INFO] MyApp.LoginController.Login - User 'john.doe' logging in
2023-05-16 16:46:30 [INFO] MyApp.MainWindow.Show - Main window displayed
2023-05-16 16:46:35 [DEBUG] MyApp.DataService.GetUserData - Retrieving user data for 'john.doe'
2023-05-16 16:46:40 [INFO] MyApp.MainWindow.Update - User data updated
2023-05-16 16:46:45 [INFO] MyApp.LoginController.Logout - User 'john.doe' logging out
2023-05-16 16:46:50 [INFO] MyApp.LoginController.Login - User 'jane.doe' logging in
2023-05-16 16:46:55 [INFO] MyApp.MainWindow.NavigateTo - Navigating to search screen
2023-05-16 16:47:00 [INFO] MyApp.SearchScreen.Show - Search screen displayed
2023-05-16 16:47:05 [DEBUG] MyApp.SearchScreen.ClickSearchItemButton - Search item button clicked
2023-05-16 16:47:10 [INFO] MyApp.ItemDetailsScreen.Show - Item details displayed: Item ID - 123456
2023-05-16 16:47:15 [INFO] MyApp.ItemDetailsScreen.Close - Item details closed
2023-05-16 16:47:20 [INFO] MyApp.MainWindow.Exit - Application exited
2023-05-16 16:47:25 [INFO] MyApp.LoginController.Login - User 'alice.smith' logging in
2023-05-16 16:47:30 [INFO] MyApp.MainWindow.Show - Main window displayed
2023-05-16 16:47:35 [DEBUG] MyApp.DataService.GetUserData - Retrieving user data for 'alice.smith